2024-07-19 23:29:40,177 - INFO - Saved correlation heatmap to example/house/fig/corr_heatmap.png
2024-07-19 23:29:40,320 - INFO - Saved bedrooms vs price bar plot to example/house/fig/bedrooms_price.png
2024-07-19 23:29:40,395 - INFO - Saved bathrooms vs price scatter plot to example/house/fig/bathrooms_price.png
2024-07-19 23:29:40,468 - INFO - Saved sqft_living vs price scatter plot to example/house/fig/sqft_living_price.png
2024-07-19 23:29:40,538 - INFO - Saved sqft_lot vs price scatter plot to example/house/fig/sqft_lot_price.png
2024-07-19 23:29:40,634 - INFO - Saved floors vs price bar plot to example/house/fig/floors_price.png
2024-07-19 23:29:40,713 - INFO - Saved waterfront vs price bar plot to example/house/fig/waterfront_price.png
2024-07-19 23:29:40,820 - INFO - Saved view vs price bar plot to example/house/fig/view_price.png
2024-07-19 23:29:40,909 - INFO - Saved condition vs price bar plot to example/house/fig/condition_price.png
2024-07-19 23:29:40,981 - INFO - Saved sqft_above vs price scatter plot to example/house/fig/sqft_above_price.png
2024-07-19 23:29:41,055 - INFO - Saved sqft_basement vs price scatter plot to example/house/fig/sqft_basement_price.png
2024-07-19 23:29:41,123 - INFO - Saved yr_built vs price scatter plot to example/house/fig/yr_built_price.png
2024-07-19 23:29:41,200 - INFO - Saved yr_renovated vs price scatter plot to example/house/fig/yr_renovated_price.png
2024-07-19 23:29:41,203 - INFO - Data split into features and target.
2024-07-19 23:29:41,203 - INFO - 按時間劃分資料集，測試集比例為 0.2
2024-07-19 23:29:41,207 - INFO - 將名目變數 ['city'] 做 One-Hot Encoding
2024-07-19 23:29:41,226 - INFO - 使用 mean 補遺失值
2024-07-19 23:29:41,300 - INFO - 使用 StandardScaler() 做正規化
2024-07-19 23:29:41,497 - INFO - 使用 model 選擇特徵
2024-07-19 23:29:41,497 - INFO - 最終選擇特徵: ['yr_built', 'city_Bellevue', 'view', 'floors', 'sqft_above', 'city_Lake Forest Park', 'sqft_lot', 'condition', 'city_Issaquah', 'city_Snoqualmie', 'city_Seattle', 'city_Mercer Island', 'city_Black Diamond', 'bedrooms', 'city_Redmond', 'bathrooms', 'city_Covington', 'sqft_living', 'city_Kirkland']
2024-07-19 23:29:41,498 - INFO - 加入時間序列模型
2024-07-19 23:29:41,498 - INFO - Training model: LinearRegression with params: {}
2024-07-19 23:29:41,514 - INFO - Best estimator for LinearRegression: LinearRegression()
2024-07-19 23:29:41,514 - INFO - Cross-validation MAPE for LinearRegression: 2.1753683975179777e+20
2024-07-19 23:29:41,514 - INFO - Training model: KNN with params: {'n_neighbors': [3, 5, 7, 9]}
2024-07-19 23:29:41,605 - INFO - Best estimator for KNN: KNeighborsRegressor()
2024-07-19 23:29:41,605 - INFO - Cross-validation MAPE for KNN: 2.1707584887061443e+20
2024-07-19 23:29:41,605 - INFO - Training model: SVM with params: {'C': [0.1, 1, 10]}
2024-07-19 23:29:41,660 - INFO - Best estimator for SVM: SVR(C=0.1)
2024-07-19 23:29:41,660 - INFO - Cross-validation MAPE for SVM: 2.2192097269033527e+20
2024-07-19 23:29:41,660 - INFO - Training model: DecisionTree with params: {'max_depth': [3, 5, 7, 9]}
2024-07-19 23:29:41,702 - INFO - Best estimator for DecisionTree: DecisionTreeRegressor(max_depth=7, random_state=123)
2024-07-19 23:29:41,703 - INFO - Cross-validation MAPE for DecisionTree: 1.6479895587211316e+20
2024-07-19 23:29:41,703 - INFO - Training model: RandomForest with params: {'n_estimators': [50, 100, 200], 'max_depth': [3, 5, 7]}
2024-07-19 23:29:44,878 - INFO - Best estimator for RandomForest: RandomForestRegressor(max_depth=5, n_estimators=50, random_state=123)
2024-07-19 23:29:44,878 - INFO - Cross-validation MAPE for RandomForest: 2.016735271676187e+20
2024-07-19 23:29:44,878 - INFO - Training model: XGBoost with params: {'n_estimators': [50, 100, 200], 'max_depth': [3, 5, 7]}
2024-07-19 23:29:47,592 - INFO - Best estimator for XGBoost: XGBRegressor with params: {'learning_rate': None, 'max_depth': 7, 'n_estimators': 50}
2024-07-19 23:29:47,593 - INFO - Cross-validation MAPE for XGBoost: 1.972829915888805e+20
2024-07-19 23:29:47,593 - INFO - Training model: LightGBM with params: {'n_estimators': [50, 100, 200], 'max_depth': [3, 5, 7]}
2024-07-19 23:29:48,099 - INFO - Best estimator for LightGBM: LGBMRegressor(max_depth=5, n_estimators=200, random_state=123, verbose=-1)
2024-07-19 23:29:48,099 - INFO - Cross-validation MAPE for LightGBM: 2.3578188741513124e+20
2024-07-19 23:29:48,099 - INFO - Training model: MLP with params: {'hidden_layer_sizes': [(50,), (100,), (50, 50)], 'alpha': [0.0001, 0.001, 0.01]}
2024-07-19 23:29:59,128 - INFO - Best estimator for MLP: MLPRegressor(alpha=0.01, hidden_layer_sizes=(50,), max_iter=1000,
             random_state=123)
2024-07-19 23:29:59,128 - INFO - Cross-validation MAPE for MLP: 1.6688946757811334e+17
2024-07-19 23:29:59,129 - INFO - Training model: ARIMA with params: {'order': [(1, 1, 1), (2, 1, 2)]}
2024-07-19 23:29:59,455 - INFO - Best estimator for ARIMA: ARIMAWrapper(order=(1, 1, 1))
2024-07-19 23:29:59,455 - INFO - Cross-validation MAPE for ARIMA: 1.8508961209873734e+20
2024-07-19 23:29:59,456 - INFO - Training model: SARIMA with params: {'order': [(1, 1, 1), (2, 1, 2)], 'seasonal_order': [(1, 1, 1, 12), (2, 1, 2, 12)]}
2024-07-19 23:30:11,069 - INFO - Best estimator for SARIMA: SARIMAXWrapper(order=(2, 1, 2), seasonal_order=(1, 1, 1, 12))
2024-07-19 23:30:11,069 - INFO - Cross-validation MAPE for SARIMA: 2.490921009325201e+20
2024-07-19 23:30:11,143 - INFO - --Testing--
2024-07-19 23:30:11,145 - INFO - 將名目變數 ['city'] 做 One-Hot Encoding
2024-07-19 23:30:11,145 - INFO - 使用 mean 補遺失值
2024-07-19 23:30:11,159 - INFO - 使用 StandardScaler() 做正規化
2024-07-19 23:30:11,160 - INFO - 最終選擇特徵: ['yr_built', 'city_Bellevue', 'view', 'floors', 'sqft_above', 'city_Lake Forest Park', 'sqft_lot', 'condition', 'city_Issaquah', 'city_Snoqualmie', 'city_Seattle', 'city_Mercer Island', 'city_Black Diamond', 'bedrooms', 'city_Redmond', 'bathrooms', 'city_Covington', 'sqft_living', 'city_Kirkland']
2024-07-19 23:30:11,162 - INFO - Model: LinearRegression, Metrics: {'R-squared': -0.212, 'Adjusted R-squared': -1.1332, 'RMSE': 260706.1781, 'MAPE': 588161461924808.4}
2024-07-19 23:30:11,264 - INFO - Model: KNN, Metrics: {'R-squared': -0.0978, 'Adjusted R-squared': -0.9322, 'RMSE': 248118.3738, 'MAPE': 528241145364444.7}
2024-07-19 23:30:11,353 - INFO - Model: SVM, Metrics: {'R-squared': -0.0512, 'Adjusted R-squared': -0.8501, 'RMSE': 242791.6902, 'MAPE': 439459483107282.7}
2024-07-19 23:30:11,442 - INFO - Model: DecisionTree, Metrics: {'R-squared': -0.7775, 'Adjusted R-squared': -2.1284, 'RMSE': 315716.5831, 'MAPE': 454349592787382.1}
2024-07-19 23:30:11,530 - INFO - Model: RandomForest, Metrics: {'R-squared': -0.4633, 'Adjusted R-squared': -1.5753, 'RMSE': 286453.8814, 'MAPE': 451745346053970.56}
2024-07-19 23:30:11,622 - INFO - Model: XGBoost, Metrics: {'R-squared': -0.2823, 'Adjusted R-squared': -1.2568, 'RMSE': 268153.8955, 'MAPE': 429303609375000.4}
2024-07-19 23:30:11,711 - INFO - Model: LightGBM, Metrics: {'R-squared': -0.622, 'Adjusted R-squared': -1.8547, 'RMSE': 301589.7623, 'MAPE': 545113330213290.5}
2024-07-19 23:30:11,800 - INFO - Model: MLP, Metrics: {'R-squared': -2.0112, 'Adjusted R-squared': -4.2997, 'RMSE': 410923.3654, 'MAPE': 759491097841.3746}
2024-07-19 23:30:11,885 - INFO - Model: ARIMA, Metrics: {'R-squared': -0.1666, 'Adjusted R-squared': -1.0532, 'RMSE': 255769.5472, 'MAPE': 332490306285819.56}
2024-07-19 23:30:11,972 - INFO - Model: SARIMA, Metrics: {'R-squared': -0.2799, 'Adjusted R-squared': -1.2526, 'RMSE': 267902.1947, 'MAPE': 358177440663918.25}
2024-07-19 23:30:12,061 - INFO - 測試集表現最佳模型為: MLP
